<?xml version="1.0" encoding="UTF-8"?>
<testsuite name="RHQ5Test" tests="13" skipped="0" failures="0" errors="0" timestamp="2016-11-06T22:07:45" hostname="Jerrys-Mac-Pro.local" time="0.007">
  <properties/>
  <testcase name="testBase10toBase2NegitiveZero" classname="RHQ5Test" time="0.001"/>
  <testcase name="testBase10toBase2Positive" classname="RHQ5Test" time="0.0"/>
  <testcase name="testBase10toBase2Zero" classname="RHQ5Test" time="0.0"/>
  <testcase name="testBase10toBase2Negative1" classname="RHQ5Test" time="0.0"/>
  <testcase name="testBase10toBase2Negative2" classname="RHQ5Test" time="0.0"/>
  <testcase name="testBase10toBase2Negative3" classname="RHQ5Test" time="0.0"/>
  <testcase name="testBase10toBase2Negitive1" classname="RHQ5Test" time="0.0"/>
  <testcase name="testBase10toBase2Negitive2" classname="RHQ5Test" time="0.001"/>
  <testcase name="testBase10toBase2Negitive3" classname="RHQ5Test" time="0.0"/>
  <testcase name="testBase10toBase2NegativeException1" classname="RHQ5Test" time="0.0"/>
  <testcase name="testBase10toBase2NegativeException2" classname="RHQ5Test" time="0.0"/>
  <testcase name="testBase10toBase2ExceptionPositive" classname="RHQ5Test" time="0.0"/>
  <testcase name="testBase10toBase2ExceptionNegitive" classname="RHQ5Test" time="0.0"/>
  <system-out><![CDATA[]]></system-out>
  <system-err><![CDATA[]]></system-err>
</testsuite>
