<?xml version="1.0" encoding="UTF-8"?>
<testsuite name="RHQ3Test" tests="2" skipped="0" failures="0" errors="0" timestamp="2016-11-06T22:07:45" hostname="Jerrys-Mac-Pro.local" time="0.004">
  <properties/>
  <testcase name="testAppendUppercased" classname="RHQ3Test" time="0.003"/>
  <testcase name="testAppendNotUppercased" classname="RHQ3Test" time="0.0"/>
  <system-out><![CDATA[]]></system-out>
  <system-err><![CDATA[]]></system-err>
</testsuite>
