<?xml version="1.0" encoding="UTF-8"?>
<testsuite name="RHQ6Test" tests="3" skipped="0" failures="0" errors="0" timestamp="2016-11-06T22:07:45" hostname="Jerrys-Mac-Pro.local" time="0.003">
  <properties/>
  <testcase name="testCustomerAddress" classname="RHQ6Test" time="0.0"/>
  <testcase name="testCustomer" classname="RHQ6Test" time="0.0"/>
  <testcase name="testCustomerSearchCriteria" classname="RHQ6Test" time="0.001"/>
  <system-out><![CDATA[]]></system-out>
  <system-err><![CDATA[]]></system-err>
</testsuite>
