<?xml version="1.0" encoding="UTF-8"?>
<testsuite name="RHQ1Test" tests="7" skipped="0" failures="0" errors="0" timestamp="2016-11-06T22:07:45" hostname="Jerrys-Mac-Pro.local" time="0.021">
  <properties/>
  <testcase name="testRangeMax" classname="RHQ1Test" time="0.016"/>
  <testcase name="testRangeMin" classname="RHQ1Test" time="0.001"/>
  <testcase name="testDisjointAddRange" classname="RHQ1Test" time="0.001"/>
  <testcase name="testDisjointSubtractRange" classname="RHQ1Test" time="0.0"/>
  <testcase name="testRangeIsIn1" classname="RHQ1Test" time="0.001"/>
  <testcase name="testRangeIsIn2" classname="RHQ1Test" time="0.0"/>
  <testcase name="testRangeIsIn3" classname="RHQ1Test" time="0.001"/>
  <system-out><![CDATA[]]></system-out>
  <system-err><![CDATA[]]></system-err>
</testsuite>
