<?xml version="1.0" encoding="UTF-8"?>
<testsuite name="RHQ4Test" tests="2" skipped="0" failures="0" errors="0" timestamp="2016-11-06T22:07:45" hostname="Jerrys-Mac-Pro.local" time="0.002">
  <properties/>
  <testcase name="testAppendOrderOof1" classname="RHQ4Test" time="0.001"/>
  <testcase name="testAppendOrder" classname="RHQ4Test" time="0.0"/>
  <system-out><![CDATA[]]></system-out>
  <system-err><![CDATA[]]></system-err>
</testsuite>
